Flutter crash report.
Please report a bug at https://github.com/flutter/flutter/issues.

## command

flutter pub get

## exception

ProcessException: ProcessException: The directory name is invalid.

  Command: D:\flutter_windows_2.0.3-stable\flutter\bin\cache\dart-sdk\bin\pub.bat --verbosity=warning get --no-precompile

```
#0      _ProcessImpl._start (dart:io-patch/process_patch.dart:390:33)
#1      Process.start (dart:io-patch/process_patch.dart:36:20)
#2      LocalProcessManager.start (package:process/src/interface/local_process_manager.dart:39:20)
#3      ErrorHandlingProcessManager.start.<anonymous closure> (package:flutter_tools/src/base/error_handling_io.dart:638:33)
#4      _run (package:flutter_tools/src/base/error_handling_io.dart:532:20)
#5      ErrorHandlingProcessManager.start (package:flutter_tools/src/base/error_handling_io.dart:638:12)
#6      _DefaultProcessUtils.start (package:flutter_tools/src/base/process.dart:472:28)
#7      _DefaultProcessUtils.stream (package:flutter_tools/src/base/process.dart:491:35)
#8      _DefaultPub.batch (package:flutter_tools/src/dart/pub.dart:282:34)
<asynchronous suspension>
#9      _DefaultPub.get (package:flutter_tools/src/dart/pub.dart:222:7)
<asynchronous suspension>
#10     PubDependencies.update (package:flutter_tools/src/cache.dart:774:5)
<asynchronous suspension>
#11     Cache.updateAll (package:flutter_tools/src/cache.dart:562:9)
<asynchronous suspension>
#12     FlutterCommand.verifyThenRunCommand (package:flutter_tools/src/runner/flutter_command.dart:1109:7)
<asynchronous suspension>
#13     FlutterCommand.run.<anonymous closure> (package:flutter_tools/src/runner/flutter_command.dart:1009:27)
<asynchronous suspension>
#14     AppContext.run.<anonymous closure> (package:flutter_tools/src/base/context.dart:150:19)
<asynchronous suspension>
#15     AppContext.run (package:flutter_tools/src/base/context.dart:149:12)
<asynchronous suspension>
#16     CommandRunner.runCommand (package:args/command_runner.dart:197:13)
<asynchronous suspension>
#17     FlutterCommandRunner.runCommand.<anonymous closure> (package:flutter_tools/src/runner/flutter_command_runner.dart:278:9)
<asynchronous suspension>
#18     AppContext.run.<anonymous closure> (package:flutter_tools/src/base/context.dart:150:19)
<asynchronous suspension>
#19     AppContext.run (package:flutter_tools/src/base/context.dart:149:12)
<asynchronous suspension>
#20     FlutterCommandRunner.runCommand (package:flutter_tools/src/runner/flutter_command_runner.dart:234:5)
<asynchronous suspension>
#21     run.<anonymous closure>.<anonymous closure> (package:flutter_tools/runner.dart:64:9)
<asynchronous suspension>
#22     run.<anonymous closure> (package:flutter_tools/runner.dart:62:12)
<asynchronous suspension>
#23     AppContext.run.<anonymous closure> (package:flutter_tools/src/base/context.dart:150:19)
<asynchronous suspension>
#24     AppContext.run (package:flutter_tools/src/base/context.dart:149:12)
<asynchronous suspension>
#25     runInContext (package:flutter_tools/src/context_runner.dart:73:10)
<asynchronous suspension>
#26     main (package:flutter_tools/executable.dart:90:3)
<asynchronous suspension>
```

## flutter doctor

```
[✓] Flutter (Channel stable, 2.0.3, on Microsoft Windows [Version 10.0.22000.556], locale en-US)
    • Flutter version 2.0.3 at D:\flutter_windows_2.0.3-stable\flutter
    • Framework revision 4d7946a68d (1 year ago), 2021-03-18 17:24:33 -0700
    • Engine revision 3459eb2436
    • Dart version 2.12.2

[✗] Android toolchain - develop for Android devices
    ✗ Unable to locate Android SDK.
      Install Android Studio from: https://developer.android.com/studio/index.html
      On first launch it will assist you in installing the Android SDK components.
      (or visit https://flutter.dev/docs/get-started/install/windows#android-setup for detailed instructions).
      If the Android SDK has been installed to a custom location, please use
      `flutter config --android-sdk` to update to that location.


[✓] Chrome - develop for the web
    • Chrome at C:\Program Files\Google\Chrome\Application\chrome.exe

[!] Android Studio (not installed)
    • Android Studio not found; download from https://developer.android.com/studio/index.html
      (or visit https://flutter.dev/docs/get-started/install/windows#android-setup for detailed instructions).

[✓] VS Code (version 1.66.0)
    • VS Code at C:\Users\noan\AppData\Local\Programs\Microsoft VS Code
    • Flutter extension version 3.36.0

[✓] Connected device (2 available)
    • Chrome (web) • chrome • web-javascript • Google Chrome 99.0.4844.51
    • Edge (web)   • edge   • web-javascript • Microsoft Edge 89.0.774.68

! Doctor found issues in 2 categories.
```
